<?xml version="1.0" encoding="UTF-8"?>
<!-- Generated by org.testng.reporters.JUnitXMLReporter -->
<testsuite hostname="LAPTOP-GQ9IJ6GT" ignored="0" name="Test" tests="5" failures="1" timestamp="2021-05-26T19:38:32 IST" time="0.341" errors="0">
  <testcase name="test" time="0.051" classname="com.testng.org.SampleFailedTestCase">
    <skipped/>
  </testcase> <!-- test -->
  <testcase name="test" time="0.025" classname="com.testng.org.SampleFailedTestCase">
    <skipped/>
  </testcase> <!-- test -->
  <testcase name="test" time="0.009" classname="com.testng.org.SampleFailedTestCase">
    <skipped/>
  </testcase> <!-- test -->
  <testcase name="test" time="0.019" classname="com.testng.org.SampleFailedTestCase">
    <skipped/>
  </testcase> <!-- test -->
  <testcase name="test" time="0.019" classname="com.testng.org.SampleFailedTestCase">
    <failure type="java.lang.AssertionError" message="expected [abcd] but found [ABCD]">
      <![CDATA[java.lang.AssertionError: expected [abcd] but found [ABCD]
at com.testng.org.SampleFailedTestCase.test(SampleFailedTestCase.java:11)
at java.util.ArrayList.forEach(Unknown Source)
... Removed 32 stack frames]]>
    </failure>
  </testcase> <!-- test -->
</testsuite> <!-- Test -->
